2025-07-06 21:25:02,259 - werkzeug - WARNING -  * Debugger is active!
2025-07-06 21:25:02,259 - werkzeug - INFO -  * Debugger PIN: 678-565-641
2025-07-06 21:25:09,290 - werkzeug - INFO -  * Detected change in '/home/dev/Desktop/EEGame/app/server/server.py', reloading
2025-07-06 21:25:10,367 - werkzeug - WARNING -  * Debugger is active!
2025-07-06 21:25:10,370 - werkzeug - INFO -  * Debugger PIN: 678-565-641
2025-07-06 21:25:21,407 - werkzeug - INFO -  * Detected change in '/home/dev/Desktop/EEGame/app/server/server.py', reloading
2025-07-06 21:37:15,575 - werkzeug - WARNING - WebSocket transport not available. Install simple-websocket for improved performance.
2025-07-06 21:37:15,578 - werkzeug - INFO - [31m[1mWARNING: This is a development server. Do not use it in a production deployment. Use a production WSGI server instead.[0m
 * Running on all addresses (0.0.0.0)
 * Running on http://127.0.0.1:5000
 * Running on http://192.168.0.100:5000
2025-07-06 21:37:15,579 - werkzeug - INFO - [33mPress CTRL+C to quit[0m
2025-07-06 21:37:15,579 - werkzeug - INFO -  * Restarting with stat
2025-07-06 21:37:15,890 - werkzeug - WARNING - WebSocket transport not available. Install simple-websocket for improved performance.
2025-07-06 21:37:15,919 - werkzeug - WARNING -  * Debugger is active!
2025-07-06 21:37:15,919 - werkzeug - INFO -  * Debugger PIN: 678-565-641
2025-07-06 21:37:20,728 - werkzeug - INFO - 127.0.0.1 - - [06/Jul/2025 21:37:20] "GET / HTTP/1.1" 200 -
2025-07-06 21:37:20,993 - werkzeug - INFO - 127.0.0.1 - - [06/Jul/2025 21:37:20] "[36mGET /static/my-logo.svg HTTP/1.1[0m" 304 -
2025-07-06 21:37:51,167 - werkzeug - INFO - 127.0.0.1 - - [06/Jul/2025 21:37:51] "GET / HTTP/1.1" 200 -
2025-07-06 21:37:51,390 - werkzeug - INFO - 127.0.0.1 - - [06/Jul/2025 21:37:51] "[36mGET /static/my-logo.svg HTTP/1.1[0m" 304 -
2025-07-06 21:37:54,350 - werkzeug - INFO - 127.0.0.1 - - [06/Jul/2025 21:37:54] "GET /team-management HTTP/1.1" 200 -
2025-07-06 21:37:54,683 - werkzeug - INFO - 127.0.0.1 - - [06/Jul/2025 21:37:54] "[36mGET /static/my-logo.svg HTTP/1.1[0m" 304 -
2025-07-06 21:38:53,598 - werkzeug - INFO - 127.0.0.1 - - [06/Jul/2025 21:38:53] "GET /team-management HTTP/1.1" 200 -
2025-07-06 21:38:53,882 - werkzeug - INFO - 127.0.0.1 - - [06/Jul/2025 21:38:53] "[36mGET /static/my-logo.svg HTTP/1.1[0m" 304 -
2025-07-06 21:40:18,373 - werkzeug - INFO -  * Detected change in '/home/dev/Desktop/EEGame/app/server/TemplateBuilder.py', reloading
2025-07-06 21:40:18,498 - werkzeug - INFO -  * Restarting with stat
2025-07-06 21:40:18,821 - werkzeug - WARNING - WebSocket transport not available. Install simple-websocket for improved performance.
2025-07-06 21:40:18,851 - werkzeug - WARNING -  * Debugger is active!
2025-07-06 21:40:18,851 - werkzeug - INFO -  * Debugger PIN: 678-565-641
2025-07-06 21:40:24,873 - werkzeug - INFO -  * Detected change in '/home/dev/Desktop/EEGame/app/server/TemplateBuilder.py', reloading
2025-07-06 21:40:25,311 - werkzeug - INFO -  * Restarting with stat
2025-07-06 21:40:26,008 - werkzeug - WARNING - WebSocket transport not available. Install simple-websocket for improved performance.
2025-07-06 21:40:26,046 - werkzeug - WARNING -  * Debugger is active!
2025-07-06 21:40:26,047 - werkzeug - INFO -  * Debugger PIN: 678-565-641
2025-07-06 21:40:30,060 - werkzeug - INFO -  * Detected change in '/home/dev/Desktop/EEGame/app/server/TemplateBuilder.py', reloading
2025-07-06 21:40:30,182 - werkzeug - INFO -  * Restarting with stat
2025-07-06 21:40:30,496 - werkzeug - WARNING - WebSocket transport not available. Install simple-websocket for improved performance.
2025-07-06 21:40:30,525 - werkzeug - WARNING -  * Debugger is active!
2025-07-06 21:40:30,525 - werkzeug - INFO -  * Debugger PIN: 678-565-641
2025-07-06 21:40:47,579 - werkzeug - INFO -  * Detected change in '/home/dev/Desktop/EEGame/app/server/TemplateBuilder.py', reloading
2025-07-06 21:40:47,714 - werkzeug - INFO -  * Restarting with stat
2025-07-06 21:40:48,033 - werkzeug - WARNING - WebSocket transport not available. Install simple-websocket for improved performance.
2025-07-06 21:40:48,062 - werkzeug - WARNING -  * Debugger is active!
2025-07-06 21:40:48,063 - werkzeug - INFO -  * Debugger PIN: 678-565-641
2025-07-06 21:40:59,095 - werkzeug - INFO -  * Detected change in '/home/dev/Desktop/EEGame/app/server/TemplateBuilder.py', reloading
2025-07-06 21:40:59,216 - werkzeug - INFO -  * Restarting with stat
2025-07-06 21:40:59,575 - werkzeug - WARNING - WebSocket transport not available. Install simple-websocket for improved performance.
2025-07-06 21:40:59,603 - werkzeug - WARNING -  * Debugger is active!
2025-07-06 21:40:59,604 - werkzeug - INFO -  * Debugger PIN: 678-565-641
2025-07-06 21:41:05,700 - werkzeug - INFO - 127.0.0.1 - - [06/Jul/2025 21:41:05] "GET /team-management HTTP/1.1" 200 -
2025-07-06 21:41:06,070 - werkzeug - INFO - 127.0.0.1 - - [06/Jul/2025 21:41:06] "[36mGET /static/my-logo.svg HTTP/1.1[0m" 304 -
2025-07-06 21:42:04,915 - werkzeug - INFO - 127.0.0.1 - - [06/Jul/2025 21:42:04] "GET /team-management HTTP/1.1" 200 -
2025-07-06 21:42:05,298 - werkzeug - INFO - 127.0.0.1 - - [06/Jul/2025 21:42:05] "[36mGET /static/my-logo.svg HTTP/1.1[0m" 304 -
2025-07-06 21:44:32,030 - werkzeug - INFO - 127.0.0.1 - - [06/Jul/2025 21:44:32] "GET /team-management HTTP/1.1" 200 -
2025-07-06 21:44:32,363 - werkzeug - INFO - 127.0.0.1 - - [06/Jul/2025 21:44:32] "[36mGET /static/my-logo.svg HTTP/1.1[0m" 304 -
2025-07-06 21:44:50,913 - werkzeug - INFO - 127.0.0.1 - - [06/Jul/2025 21:44:50] "GET /team-management HTTP/1.1" 200 -
2025-07-06 21:44:51,299 - werkzeug - INFO - 127.0.0.1 - - [06/Jul/2025 21:44:51] "[36mGET /static/my-logo.svg HTTP/1.1[0m" 304 -
2025-07-06 21:46:22,857 - werkzeug - INFO -  * Detected change in '/home/dev/Desktop/EEGame/app/server/TemplateBuilder.py', reloading
2025-07-06 21:46:22,984 - werkzeug - INFO -  * Restarting with stat
2025-07-06 21:46:23,541 - werkzeug - WARNING - WebSocket transport not available. Install simple-websocket for improved performance.
2025-07-06 21:46:23,572 - werkzeug - WARNING -  * Debugger is active!
2025-07-06 21:46:23,573 - werkzeug - INFO -  * Debugger PIN: 678-565-641
2025-07-06 21:46:30,761 - werkzeug - INFO - 127.0.0.1 - - [06/Jul/2025 21:46:30] "GET /team-management HTTP/1.1" 200 -
2025-07-06 21:46:31,062 - werkzeug - INFO - 127.0.0.1 - - [06/Jul/2025 21:46:31] "[36mGET /static/my-logo.svg HTTP/1.1[0m" 304 -
2025-07-06 21:49:38,056 - werkzeug - INFO - 127.0.0.1 - - [06/Jul/2025 21:49:38] "GET /team-management HTTP/1.1" 200 -
2025-07-06 21:49:38,389 - werkzeug - INFO - 127.0.0.1 - - [06/Jul/2025 21:49:38] "[36mGET /static/my-logo.svg HTTP/1.1[0m" 304 -
2025-07-06 21:49:53,614 - werkzeug - WARNING - WebSocket transport not available. Install simple-websocket for improved performance.
2025-07-06 21:49:53,642 - werkzeug - INFO - [31m[1mWARNING: This is a development server. Do not use it in a production deployment. Use a production WSGI server instead.[0m
 * Running on all addresses (0.0.0.0)
 * Running on http://127.0.0.1:5000
 * Running on http://192.168.0.100:5000
2025-07-06 21:49:53,643 - werkzeug - INFO - [33mPress CTRL+C to quit[0m
2025-07-06 21:49:53,643 - werkzeug - INFO -  * Restarting with stat
2025-07-06 21:49:53,995 - werkzeug - WARNING - WebSocket transport not available. Install simple-websocket for improved performance.
2025-07-06 21:49:54,030 - werkzeug - WARNING -  * Debugger is active!
2025-07-06 21:49:54,032 - werkzeug - INFO -  * Debugger PIN: 678-565-641
2025-07-06 21:49:56,622 - werkzeug - INFO - 127.0.0.1 - - [06/Jul/2025 21:49:56] "GET /team-management HTTP/1.1" 200 -
2025-07-06 21:49:56,968 - werkzeug - INFO - 127.0.0.1 - - [06/Jul/2025 21:49:56] "[36mGET /static/my-logo.svg HTTP/1.1[0m" 304 -
2025-07-06 21:51:58,308 - werkzeug - INFO -  * Detected change in '/home/dev/Desktop/EEGame/app/server/socketio/team_endpoints.py', reloading
2025-07-06 21:51:58,466 - werkzeug - INFO -  * Restarting with stat
2025-07-06 21:51:58,825 - werkzeug - WARNING - WebSocket transport not available. Install simple-websocket for improved performance.
2025-07-06 21:51:58,828 - werkzeug - WARNING -  * Debugger is active!
2025-07-06 21:51:58,829 - werkzeug - INFO -  * Debugger PIN: 678-565-641
2025-07-06 21:52:25,920 - werkzeug - INFO -  * Detected change in '/home/dev/Desktop/EEGame/app/server/server.py', reloading
2025-07-06 21:52:26,044 - werkzeug - INFO -  * Restarting with stat
2025-07-06 21:52:26,585 - engineio.server - INFO - Server initialized for threading.
2025-07-06 21:52:26,614 - werkzeug - WARNING - WebSocket transport not available. Install simple-websocket for improved performance.
2025-07-06 21:52:26,620 - werkzeug - WARNING -  * Debugger is active!
2025-07-06 21:52:26,620 - werkzeug - INFO -  * Debugger PIN: 678-565-641
2025-07-06 21:53:33,785 - werkzeug - INFO -  * Detected change in '/home/dev/Desktop/EEGame/app/server/socketio/team_endpoints.py', reloading
2025-07-06 21:53:33,917 - werkzeug - INFO -  * Restarting with stat
2025-07-06 21:53:34,442 - engineio.server - INFO - Server initialized for threading.
2025-07-06 21:53:34,471 - werkzeug - WARNING - WebSocket transport not available. Install simple-websocket for improved performance.
2025-07-06 21:53:34,475 - werkzeug - WARNING -  * Debugger is active!
2025-07-06 21:53:34,475 - werkzeug - INFO -  * Debugger PIN: 678-565-641
2025-07-06 21:53:44,503 - werkzeug - INFO -  * Detected change in '/home/dev/Desktop/EEGame/app/server/server.py', reloading
2025-07-06 21:53:44,628 - werkzeug - INFO -  * Restarting with stat
2025-07-06 21:53:44,960 - engineio.server - INFO - Server initialized for threading.
2025-07-06 21:53:44,989 - werkzeug - WARNING - WebSocket transport not available. Install simple-websocket for improved performance.
2025-07-06 21:53:44,992 - werkzeug - WARNING -  * Debugger is active!
2025-07-06 21:53:44,992 - werkzeug - INFO -  * Debugger PIN: 678-565-641
2025-07-06 21:53:52,012 - werkzeug - INFO -  * Detected change in '/home/dev/Desktop/EEGame/app/server/server.py', reloading
2025-07-06 21:53:52,155 - werkzeug - INFO -  * Restarting with stat
2025-07-06 21:53:52,493 - engineio.server - INFO - Server initialized for threading.
2025-07-06 21:53:52,529 - werkzeug - WARNING - WebSocket transport not available. Install simple-websocket for improved performance.
2025-07-06 21:53:52,533 - werkzeug - WARNING -  * Debugger is active!
2025-07-06 21:53:52,535 - werkzeug - INFO -  * Debugger PIN: 678-565-641
2025-07-06 21:54:21,603 - werkzeug - INFO -  * Detected change in '/home/dev/Desktop/EEGame/app/server/socketio/session_endpoints.py', reloading
2025-07-06 21:54:21,737 - werkzeug - INFO -  * Restarting with stat
2025-07-06 21:54:22,074 - engineio.server - INFO - Server initialized for threading.
2025-07-06 21:54:22,104 - werkzeug - WARNING - WebSocket transport not available. Install simple-websocket for improved performance.
2025-07-06 21:54:22,107 - werkzeug - WARNING -  * Debugger is active!
2025-07-06 21:54:22,107 - werkzeug - INFO -  * Debugger PIN: 678-565-641
2025-07-06 21:54:23,113 - werkzeug - INFO -  * Detected change in '/home/dev/Desktop/EEGame/app/server/server.py', reloading
2025-07-06 21:54:23,240 - werkzeug - INFO -  * Restarting with stat
2025-07-06 21:54:23,573 - engineio.server - INFO - Server initialized for threading.
2025-07-06 21:54:23,602 - werkzeug - WARNING - WebSocket transport not available. Install simple-websocket for improved performance.
2025-07-06 21:54:23,605 - werkzeug - WARNING -  * Debugger is active!
2025-07-06 21:54:23,605 - werkzeug - INFO -  * Debugger PIN: 678-565-641
2025-07-06 21:54:46,658 - werkzeug - INFO -  * Detected change in '/home/dev/Desktop/EEGame/app/server/socketio/session_endpoints.py', reloading
2025-07-06 21:54:46,859 - werkzeug - INFO -  * Restarting with stat
2025-07-06 21:54:47,319 - engineio.server - INFO - Server initialized for threading.
2025-07-06 21:54:47,354 - werkzeug - WARNING - WebSocket transport not available. Install simple-websocket for improved performance.
2025-07-06 21:54:47,362 - werkzeug - WARNING -  * Debugger is active!
2025-07-06 21:54:47,362 - werkzeug - INFO -  * Debugger PIN: 678-565-641
2025-07-06 21:55:00,396 - werkzeug - INFO -  * Detected change in '/home/dev/Desktop/EEGame/app/server/socketio/session_endpoints.py', reloading
2025-07-06 21:55:00,519 - werkzeug - INFO -  * Restarting with stat
2025-07-06 21:55:00,844 - engineio.server - INFO - Server initialized for threading.
2025-07-06 21:55:00,875 - werkzeug - WARNING - WebSocket transport not available. Install simple-websocket for improved performance.
2025-07-06 21:55:00,878 - werkzeug - WARNING -  * Debugger is active!
2025-07-06 21:55:00,879 - werkzeug - INFO -  * Debugger PIN: 678-565-641
2025-07-06 21:55:12,919 - werkzeug - INFO -  * Detected change in '/home/dev/Desktop/EEGame/app/server/socketio/session_endpoints.py', reloading
2025-07-06 21:55:13,050 - werkzeug - INFO -  * Restarting with stat
2025-07-06 21:55:13,663 - engineio.server - INFO - Server initialized for threading.
2025-07-06 21:55:13,693 - werkzeug - WARNING - WebSocket transport not available. Install simple-websocket for improved performance.
2025-07-06 21:55:13,699 - werkzeug - WARNING -  * Debugger is active!
2025-07-06 21:55:13,700 - werkzeug - INFO -  * Debugger PIN: 678-565-641
2025-07-06 21:55:28,527 - werkzeug - INFO - 127.0.0.1 - - [06/Jul/2025 21:55:28] "GET /team-management HTTP/1.1" 200 -
2025-07-06 21:55:28,868 - werkzeug - INFO - 127.0.0.1 - - [06/Jul/2025 21:55:28] "[36mGET /static/my-logo.svg HTTP/1.1[0m" 304 -
2025-07-06 21:55:40,296 - engineio.server - INFO - Server initialized for threading.
2025-07-06 21:55:40,326 - werkzeug - WARNING - WebSocket transport not available. Install simple-websocket for improved performance.
2025-07-06 21:55:40,336 - werkzeug - INFO - [31m[1mWARNING: This is a development server. Do not use it in a production deployment. Use a production WSGI server instead.[0m
 * Running on all addresses (0.0.0.0)
 * Running on http://127.0.0.1:5000
 * Running on http://192.168.0.100:5000
2025-07-06 21:55:40,336 - werkzeug - INFO - [33mPress CTRL+C to quit[0m
2025-07-06 21:55:40,336 - werkzeug - INFO -  * Restarting with stat
2025-07-06 21:55:40,666 - engineio.server - INFO - Server initialized for threading.
2025-07-06 21:55:40,695 - werkzeug - WARNING - WebSocket transport not available. Install simple-websocket for improved performance.
2025-07-06 21:55:40,698 - werkzeug - WARNING -  * Debugger is active!
2025-07-06 21:55:40,699 - werkzeug - INFO -  * Debugger PIN: 678-565-641
2025-07-06 21:56:30,902 - engineio.server - INFO - Server initialized for threading.
2025-07-06 21:56:30,912 - werkzeug - INFO - [31m[1mWARNING: This is a development server. Do not use it in a production deployment. Use a production WSGI server instead.[0m
 * Running on all addresses (0.0.0.0)
 * Running on http://127.0.0.1:5000
 * Running on http://192.168.0.100:5000
2025-07-06 21:56:30,912 - werkzeug - INFO - [33mPress CTRL+C to quit[0m
2025-07-06 21:56:30,912 - werkzeug - INFO -  * Restarting with stat
2025-07-06 21:56:31,276 - engineio.server - INFO - Server initialized for threading.
2025-07-06 21:56:31,282 - werkzeug - WARNING -  * Debugger is active!
2025-07-06 21:56:31,284 - werkzeug - INFO -  * Debugger PIN: 678-565-641
2025-07-06 21:56:35,926 - werkzeug - INFO - 127.0.0.1 - - [06/Jul/2025 21:56:35] "GET /team-management HTTP/1.1" 200 -
2025-07-06 21:56:36,054 - werkzeug - INFO - 127.0.0.1 - - [06/Jul/2025 21:56:36] "[36mGET /static/my-logo.svg HTTP/1.1[0m" 304 -
2025-07-06 21:58:21,573 - werkzeug - INFO -  * Detected change in '/home/dev/Desktop/EEGame/app/server/server.py', reloading
2025-07-06 21:58:21,702 - werkzeug - INFO -  * Restarting with stat
2025-07-06 21:58:22,068 - engineio.server - INFO - Server initialized for threading.
2025-07-06 21:58:22,074 - werkzeug - WARNING -  * Debugger is active!
2025-07-06 21:58:22,075 - werkzeug - INFO -  * Debugger PIN: 678-565-641
2025-07-06 21:58:38,118 - werkzeug - INFO -  * Detected change in '/home/dev/Desktop/EEGame/app/server/server.py', reloading
2025-07-06 21:58:38,256 - werkzeug - INFO -  * Restarting with stat
2025-07-06 21:58:38,611 - engineio.server - INFO - Server initialized for threading.
2025-07-06 21:58:38,617 - werkzeug - WARNING -  * Debugger is active!
2025-07-06 21:58:38,618 - werkzeug - INFO -  * Debugger PIN: 678-565-641
2025-07-06 21:58:39,905 - werkzeug - INFO - 127.0.0.1 - - [06/Jul/2025 21:58:39] "GET /team-management HTTP/1.1" 200 -
2025-07-06 21:58:40,194 - werkzeug - INFO - 127.0.0.1 - - [06/Jul/2025 21:58:40] "[36mGET /static/my-logo.svg HTTP/1.1[0m" 304 -
2025-07-06 21:59:07,725 - engineio.server - INFO - Server initialized for threading.
2025-07-06 21:59:07,731 - werkzeug - INFO - [31m[1mWARNING: This is a development server. Do not use it in a production deployment. Use a production WSGI server instead.[0m
 * Running on all addresses (0.0.0.0)
 * Running on http://127.0.0.1:5000
 * Running on http://192.168.0.100:5000
2025-07-06 21:59:07,732 - werkzeug - INFO - [33mPress CTRL+C to quit[0m
2025-07-06 21:59:07,732 - werkzeug - INFO -  * Restarting with stat
2025-07-06 21:59:08,096 - engineio.server - INFO - Server initialized for threading.
2025-07-06 21:59:08,102 - werkzeug - WARNING -  * Debugger is active!
2025-07-06 21:59:08,103 - werkzeug - INFO -  * Debugger PIN: 678-565-641
2025-07-06 21:59:14,773 - werkzeug - INFO - 127.0.0.1 - - [06/Jul/2025 21:59:14] "GET / HTTP/1.1" 200 -
2025-07-06 21:59:15,122 - werkzeug - INFO - 127.0.0.1 - - [06/Jul/2025 21:59:15] "[36mGET /static/my-logo.svg HTTP/1.1[0m" 304 -
2025-07-06 21:59:19,109 - werkzeug - INFO - 127.0.0.1 - - [06/Jul/2025 21:59:19] "GET /team-management HTTP/1.1" 200 -
2025-07-06 21:59:19,435 - werkzeug - INFO - 127.0.0.1 - - [06/Jul/2025 21:59:19] "[36mGET /static/my-logo.svg HTTP/1.1[0m" 304 -
2025-07-06 22:00:26,331 - werkzeug - INFO -  * Detected change in '/home/dev/Desktop/EEGame/app/server/server.py', reloading
2025-07-06 22:00:26,460 - werkzeug - INFO -  * Restarting with stat
2025-07-06 22:00:26,834 - engineio.server - INFO - Server initialized for threading.
2025-07-06 22:00:26,842 - werkzeug - WARNING -  * Debugger is active!
2025-07-06 22:00:26,842 - werkzeug - INFO -  * Debugger PIN: 678-565-641
2025-07-06 22:00:43,891 - werkzeug - INFO -  * Detected change in '/home/dev/Desktop/EEGame/app/server/server.py', reloading
2025-07-06 22:00:44,021 - werkzeug - INFO -  * Restarting with stat
2025-07-06 22:00:44,446 - engineio.server - INFO - Server initialized for threading.
2025-07-06 22:00:44,452 - werkzeug - WARNING -  * Debugger is active!
2025-07-06 22:00:44,453 - werkzeug - INFO -  * Debugger PIN: 678-565-641
2025-07-06 22:00:57,491 - werkzeug - INFO -  * Detected change in '/home/dev/Desktop/EEGame/app/server/server.py', reloading
2025-07-06 22:00:57,671 - werkzeug - INFO -  * Restarting with stat
2025-07-06 22:00:58,204 - __main__ - INFO - Creating Flask application...
2025-07-06 22:00:58,204 - __main__ - INFO - App directory: /home/dev/Desktop/EEGame/app
2025-07-06 22:00:58,204 - __main__ - INFO - Assets directory: /home/dev/Desktop/EEGame/app/assets
2025-07-06 22:00:58,205 - __main__ - INFO - Initializing SocketIO...
2025-07-06 22:00:58,256 - engineio.server - INFO - Server initialized for threading.
2025-07-06 22:00:58,257 - __main__ - INFO - SocketIO initialized successfully
2025-07-06 22:00:58,257 - __main__ - INFO - Initializing page routes...
2025-07-06 22:00:58,260 - __main__ - INFO - Initializing SocketIO endpoints...
2025-07-06 22:00:58,260 - __main__ - INFO - Flask application created successfully
2025-07-06 22:00:58,265 - werkzeug - WARNING -  * Debugger is active!
2025-07-06 22:00:58,265 - werkzeug - INFO -  * Debugger PIN: 678-565-641
2025-07-06 22:01:06,304 - werkzeug - INFO -  * Detected change in '/home/dev/Desktop/EEGame/app/server/server.py', reloading
2025-07-06 22:01:06,487 - werkzeug - INFO -  * Restarting with stat
2025-07-06 22:01:06,823 - __main__ - INFO - Creating application...
2025-07-06 22:01:06,823 - __main__ - INFO - Creating Flask application...
2025-07-06 22:01:06,824 - __main__ - INFO - App directory: /home/dev/Desktop/EEGame/app
2025-07-06 22:01:06,824 - __main__ - INFO - Assets directory: /home/dev/Desktop/EEGame/app/assets
2025-07-06 22:01:06,825 - __main__ - INFO - Initializing SocketIO...
2025-07-06 22:01:06,874 - engineio.server - INFO - Server initialized for threading.
2025-07-06 22:01:06,874 - __main__ - INFO - SocketIO initialized successfully
2025-07-06 22:01:06,875 - __main__ - INFO - Initializing page routes...
2025-07-06 22:01:06,878 - __main__ - INFO - Initializing SocketIO endpoints...
2025-07-06 22:01:06,878 - __main__ - INFO - Flask application created successfully
2025-07-06 22:01:06,878 - __main__ - INFO - Starting server on 0.0.0.0:5000
2025-07-06 22:01:06,878 - __main__ - INFO - Debug mode: True
2025-07-06 22:01:06,878 - __main__ - INFO - Server starting - you should see SocketIO connection attempts here...
2025-07-06 22:01:06,882 - werkzeug - WARNING -  * Debugger is active!
2025-07-06 22:01:06,883 - werkzeug - INFO -  * Debugger PIN: 678-565-641
2025-07-06 22:01:24,941 - werkzeug - INFO -  * Detected change in '/home/dev/Desktop/EEGame/app/server/server.py', reloading
2025-07-06 22:01:25,083 - werkzeug - INFO -  * Restarting with stat
2025-07-06 22:01:25,681 - __main__ - INFO - Creating application...
2025-07-06 22:01:25,681 - __main__ - INFO - Creating Flask application...
2025-07-06 22:01:25,681 - __main__ - INFO - App directory: /home/dev/Desktop/EEGame/app
2025-07-06 22:01:25,681 - __main__ - INFO - Assets directory: /home/dev/Desktop/EEGame/app/assets
2025-07-06 22:01:25,683 - __main__ - INFO - Initializing SocketIO...
2025-07-06 22:01:25,742 - engineio.server - INFO - Server initialized for threading.
2025-07-06 22:01:25,742 - __main__ - INFO - SocketIO initialized successfully
2025-07-06 22:01:25,742 - __main__ - INFO - Initializing page routes...
2025-07-06 22:01:25,745 - __main__ - INFO - Initializing SocketIO endpoints...
2025-07-06 22:01:25,745 - __main__ - INFO - Flask application created successfully
2025-07-06 22:01:25,745 - __main__ - INFO - Starting server on 0.0.0.0:5000
2025-07-06 22:01:25,745 - __main__ - INFO - Debug mode: True
2025-07-06 22:01:25,745 - __main__ - INFO - Server starting - you should see SocketIO connection attempts here...
2025-07-06 22:01:25,750 - werkzeug - WARNING -  * Debugger is active!
2025-07-06 22:01:25,750 - werkzeug - INFO -  * Debugger PIN: 678-565-641
2025-07-06 22:01:29,156 - __main__ - INFO - Creating application...
2025-07-06 22:01:29,156 - __main__ - INFO - Creating Flask application...
2025-07-06 22:01:29,156 - __main__ - INFO - App directory: /home/dev/Desktop/EEGame/app
2025-07-06 22:01:29,157 - __main__ - INFO - Assets directory: /home/dev/Desktop/EEGame/app/assets
2025-07-06 22:01:29,158 - __main__ - INFO - Initializing SocketIO...
2025-07-06 22:01:29,208 - engineio.server - INFO - Server initialized for threading.
2025-07-06 22:01:29,209 - __main__ - INFO - SocketIO initialized successfully
2025-07-06 22:01:29,209 - __main__ - INFO - Initializing page routes...
2025-07-06 22:01:29,212 - __main__ - INFO - Initializing SocketIO endpoints...
2025-07-06 22:01:29,213 - __main__ - INFO - Flask application created successfully
2025-07-06 22:01:29,213 - __main__ - INFO - Starting server on 0.0.0.0:5000
2025-07-06 22:01:29,213 - __main__ - INFO - Debug mode: True
2025-07-06 22:01:29,213 - __main__ - INFO - Server starting - you should see SocketIO connection attempts here...
2025-07-06 22:01:29,216 - werkzeug - INFO - [31m[1mWARNING: This is a development server. Do not use it in a production deployment. Use a production WSGI server instead.[0m
 * Running on all addresses (0.0.0.0)
 * Running on http://127.0.0.1:5000
 * Running on http://192.168.0.100:5000
2025-07-06 22:01:29,216 - werkzeug - INFO - [33mPress CTRL+C to quit[0m
2025-07-06 22:01:29,216 - werkzeug - INFO -  * Restarting with stat
2025-07-06 22:01:29,537 - __main__ - INFO - Creating application...
2025-07-06 22:01:29,537 - __main__ - INFO - Creating Flask application...
2025-07-06 22:01:29,537 - __main__ - INFO - App directory: /home/dev/Desktop/EEGame/app
2025-07-06 22:01:29,537 - __main__ - INFO - Assets directory: /home/dev/Desktop/EEGame/app/assets
2025-07-06 22:01:29,539 - __main__ - INFO - Initializing SocketIO...
2025-07-06 22:01:29,587 - engineio.server - INFO - Server initialized for threading.
2025-07-06 22:01:29,587 - __main__ - INFO - SocketIO initialized successfully
2025-07-06 22:01:29,587 - __main__ - INFO - Initializing page routes...
2025-07-06 22:01:29,590 - __main__ - INFO - Initializing SocketIO endpoints...
2025-07-06 22:01:29,591 - __main__ - INFO - Flask application created successfully
2025-07-06 22:01:29,591 - __main__ - INFO - Starting server on 0.0.0.0:5000
2025-07-06 22:01:29,591 - __main__ - INFO - Debug mode: True
2025-07-06 22:01:29,591 - __main__ - INFO - Server starting - you should see SocketIO connection attempts here...
2025-07-06 22:01:29,594 - werkzeug - WARNING -  * Debugger is active!
2025-07-06 22:01:29,594 - werkzeug - INFO -  * Debugger PIN: 678-565-641
2025-07-06 22:01:42,502 - werkzeug - INFO - 127.0.0.1 - - [06/Jul/2025 22:01:42] "GET /team-management HTTP/1.1" 200 -
2025-07-06 22:01:42,831 - werkzeug - INFO - 127.0.0.1 - - [06/Jul/2025 22:01:42] "[36mGET /static/my-logo.svg HTTP/1.1[0m" 304 -
2025-07-06 22:02:10,190 - werkzeug - INFO - 127.0.0.1 - - [06/Jul/2025 22:02:10] "GET /team-management HTTP/1.1" 200 -
2025-07-06 22:02:10,480 - werkzeug - INFO - 127.0.0.1 - - [06/Jul/2025 22:02:10] "[36mGET /static/my-logo.svg HTTP/1.1[0m" 304 -
2025-07-06 22:02:28,202 - werkzeug - INFO - 192.168.0.167 - - [06/Jul/2025 22:02:28] "GET / HTTP/1.1" 200 -
2025-07-06 22:02:28,279 - werkzeug - INFO - 192.168.0.167 - - [06/Jul/2025 22:02:28] "GET /static/my-logo.svg HTTP/1.1" 200 -
2025-07-06 22:02:28,316 - werkzeug - INFO - 192.168.0.167 - - [06/Jul/2025 22:02:28] "[33mGET /favicon.ico HTTP/1.1[0m" 404 -
2025-07-06 22:02:33,735 - werkzeug - INFO - 192.168.0.167 - - [06/Jul/2025 22:02:33] "GET /team-management HTTP/1.1" 200 -
2025-07-06 22:02:33,797 - werkzeug - INFO - 192.168.0.167 - - [06/Jul/2025 22:02:33] "[36mGET /static/my-logo.svg HTTP/1.1[0m" 304 -
2025-07-06 22:02:33,908 - engineio.server - INFO - nlXiigG5nWU9Ss4fAAAA: Sending packet OPEN data {'sid': 'nlXiigG5nWU9Ss4fAAAA', 'upgrades': [], 'pingTimeout': 20000, 'pingInterval': 25000}
2025-07-06 22:02:33,910 - engineio.server - INFO - nlXiigG5nWU9Ss4fAAAA: Received request to upgrade to websocket
2025-07-06 22:02:33,912 - engineio.server - INFO - nlXiigG5nWU9Ss4fAAAA: Upgrade to websocket successful
2025-07-06 22:02:33,964 - engineio.server - INFO - nlXiigG5nWU9Ss4fAAAA: Received packet MESSAGE data 0
2025-07-06 22:02:33,965 - EEGame.app.server.socketio.session_endpoints - INFO - Client connected
2025-07-06 22:02:33,965 - socketio.server - INFO - emitting event "connection_status" to 46LCPb0KfovIiLBeAAAB [/]
2025-07-06 22:02:33,965 - engineio.server - INFO - nlXiigG5nWU9Ss4fAAAA: Sending packet MESSAGE data 2["connection_status",{"status":"connected","message":"Successfully connected to server"}]
2025-07-06 22:02:33,966 - socketio.server - INFO - emitting event "teams_list" to 46LCPb0KfovIiLBeAAAB [/]
2025-07-06 22:02:33,966 - engineio.server - INFO - nlXiigG5nWU9Ss4fAAAA: Sending packet MESSAGE data 2["teams_list",{"teams":[]}]
2025-07-06 22:02:33,966 - EEGame.app.server.socketio.socketio_emitter - DEBUG - Emitted teams_list event with 0 teams
2025-07-06 22:02:33,966 - engineio.server - INFO - nlXiigG5nWU9Ss4fAAAA: Sending packet MESSAGE data 0{"sid":"46LCPb0KfovIiLBeAAAB"}
2025-07-06 22:02:55,841 - werkzeug - INFO -  * Detected change in '/home/dev/Desktop/EEGame/app/server/server.py', reloading
2025-07-06 22:02:55,975 - werkzeug - INFO -  * Restarting with stat
2025-07-06 22:02:56,285 - __main__ - INFO - Creating application...
2025-07-06 22:02:56,336 - engineio.server - INFO - Server initialized for threading.
2025-07-06 22:02:56,339 - __main__ - INFO - Starting server on 0.0.0.0:5000
2025-07-06 22:02:56,339 - __main__ - INFO - Debug mode: True
2025-07-06 22:02:56,339 - __main__ - INFO - Server starting - you should see SocketIO connection attempts here...
2025-07-06 22:02:56,342 - werkzeug - WARNING -  * Debugger is active!
2025-07-06 22:02:56,343 - werkzeug - INFO -  * Debugger PIN: 678-565-641
2025-07-06 22:02:56,574 - engineio.server - INFO - b03Z1yvH6xx6EcvaAAAA: Sending packet OPEN data {'sid': 'b03Z1yvH6xx6EcvaAAAA', 'upgrades': [], 'pingTimeout': 20000, 'pingInterval': 25000}
2025-07-06 22:02:56,574 - engineio.server - INFO - b03Z1yvH6xx6EcvaAAAA: Received request to upgrade to websocket
2025-07-06 22:02:56,576 - engineio.server - INFO - b03Z1yvH6xx6EcvaAAAA: Upgrade to websocket successful
2025-07-06 22:02:56,628 - engineio.server - INFO - b03Z1yvH6xx6EcvaAAAA: Received packet MESSAGE data 0
2025-07-06 22:02:56,629 - EEGame.app.server.socketio.session_endpoints - INFO - Client connected
2025-07-06 22:02:56,630 - socketio.server - INFO - emitting event "connection_status" to bLFIyqORiYhajwO4AAAB [/]
2025-07-06 22:02:56,630 - engineio.server - INFO - b03Z1yvH6xx6EcvaAAAA: Sending packet MESSAGE data 2["connection_status",{"status":"connected","message":"Successfully connected to server"}]
2025-07-06 22:02:56,630 - socketio.server - INFO - emitting event "teams_list" to bLFIyqORiYhajwO4AAAB [/]
2025-07-06 22:02:56,630 - engineio.server - INFO - b03Z1yvH6xx6EcvaAAAA: Sending packet MESSAGE data 2["teams_list",{"teams":[]}]
2025-07-06 22:02:56,631 - EEGame.app.server.socketio.socketio_emitter - DEBUG - Emitted teams_list event with 0 teams
2025-07-06 22:02:56,631 - engineio.server - INFO - b03Z1yvH6xx6EcvaAAAA: Sending packet MESSAGE data 0{"sid":"bLFIyqORiYhajwO4AAAB"}
2025-07-06 22:03:05,373 - werkzeug - INFO -  * Detected change in '/home/dev/Desktop/EEGame/app/server/server.py', reloading
2025-07-06 22:03:05,512 - werkzeug - INFO -  * Restarting with stat
2025-07-06 22:03:05,869 - engineio.server - INFO - Server initialized for threading.
2025-07-06 22:03:05,876 - werkzeug - WARNING -  * Debugger is active!
2025-07-06 22:03:05,876 - werkzeug - INFO -  * Debugger PIN: 678-565-641
2025-07-06 22:03:06,098 - engineio.server - INFO - yEgLrx615AaD9sI4AAAA: Sending packet OPEN data {'sid': 'yEgLrx615AaD9sI4AAAA', 'upgrades': [], 'pingTimeout': 20000, 'pingInterval': 25000}
2025-07-06 22:03:06,098 - engineio.server - INFO - yEgLrx615AaD9sI4AAAA: Received request to upgrade to websocket
2025-07-06 22:03:06,099 - engineio.server - INFO - yEgLrx615AaD9sI4AAAA: Upgrade to websocket successful
2025-07-06 22:03:06,156 - engineio.server - INFO - yEgLrx615AaD9sI4AAAA: Received packet MESSAGE data 0
2025-07-06 22:03:06,157 - EEGame.app.server.socketio.session_endpoints - INFO - Client connected
2025-07-06 22:03:06,157 - socketio.server - INFO - emitting event "connection_status" to mmiIX13AHo-jXGDEAAAB [/]
2025-07-06 22:03:06,158 - engineio.server - INFO - yEgLrx615AaD9sI4AAAA: Sending packet MESSAGE data 2["connection_status",{"status":"connected","message":"Successfully connected to server"}]
2025-07-06 22:03:06,158 - socketio.server - INFO - emitting event "teams_list" to mmiIX13AHo-jXGDEAAAB [/]
2025-07-06 22:03:06,158 - engineio.server - INFO - yEgLrx615AaD9sI4AAAA: Sending packet MESSAGE data 2["teams_list",{"teams":[]}]
2025-07-06 22:03:06,158 - EEGame.app.server.socketio.socketio_emitter - DEBUG - Emitted teams_list event with 0 teams
2025-07-06 22:03:06,158 - engineio.server - INFO - yEgLrx615AaD9sI4AAAA: Sending packet MESSAGE data 0{"sid":"mmiIX13AHo-jXGDEAAAB"}
2025-07-06 22:03:09,774 - werkzeug - INFO - 192.168.0.167 - - [06/Jul/2025 22:03:09] "GET /team-management HTTP/1.1" 200 -
2025-07-06 22:03:09,786 - engineio.server - INFO - yEgLrx615AaD9sI4AAAA: Unexpected error "", closing connection
2025-07-06 22:03:09,787 - EEGame.app.server.socketio.session_endpoints - INFO - Client disconnected
2025-07-06 22:03:09,787 - werkzeug - INFO - 192.168.0.167 - - [06/Jul/2025 22:03:09] "[35m[1mGET /socket.io/?EIO=4&transport=websocket HTTP/1.1[0m" 500 -
2025-07-06 22:03:09,789 - werkzeug - ERROR - Error on request:
Traceback (most recent call last):
  File "/usr/lib/python3/dist-packages/werkzeug/serving.py", line 335, in run_wsgi
    execute(self.server.app)
  File "/usr/lib/python3/dist-packages/werkzeug/serving.py", line 327, in execute
    write(b"")
  File "/usr/lib/python3/dist-packages/werkzeug/serving.py", line 252, in write
    assert status_set is not None, "write() before start_response"
           ^^^^^^^^^^^^^^^^^^^^^^^^^^^^^^^^^^^^^^^^^^^^^^^^^^^^^^^
AssertionError: write() before start_response
2025-07-06 22:03:09,835 - werkzeug - INFO - 192.168.0.167 - - [06/Jul/2025 22:03:09] "[36mGET /static/my-logo.svg HTTP/1.1[0m" 304 -
2025-07-06 22:03:09,857 - engineio.server - INFO - nZJUAjQQTsOOuJl-AAAC: Sending packet OPEN data {'sid': 'nZJUAjQQTsOOuJl-AAAC', 'upgrades': [], 'pingTimeout': 20000, 'pingInterval': 25000}
2025-07-06 22:03:09,857 - engineio.server - INFO - nZJUAjQQTsOOuJl-AAAC: Received request to upgrade to websocket
2025-07-06 22:03:09,858 - engineio.server - INFO - nZJUAjQQTsOOuJl-AAAC: Upgrade to websocket successful
2025-07-06 22:03:09,906 - engineio.server - INFO - nZJUAjQQTsOOuJl-AAAC: Received packet MESSAGE data 0
2025-07-06 22:03:09,906 - EEGame.app.server.socketio.session_endpoints - INFO - Client connected
2025-07-06 22:03:09,907 - socketio.server - INFO - emitting event "connection_status" to 2yMF3KwbU0K9wGv-AAAD [/]
2025-07-06 22:03:09,907 - engineio.server - INFO - nZJUAjQQTsOOuJl-AAAC: Sending packet MESSAGE data 2["connection_status",{"status":"connected","message":"Successfully connected to server"}]
2025-07-06 22:03:09,907 - socketio.server - INFO - emitting event "teams_list" to 2yMF3KwbU0K9wGv-AAAD [/]
2025-07-06 22:03:09,908 - engineio.server - INFO - nZJUAjQQTsOOuJl-AAAC: Sending packet MESSAGE data 2["teams_list",{"teams":[]}]
2025-07-06 22:03:09,908 - EEGame.app.server.socketio.socketio_emitter - DEBUG - Emitted teams_list event with 0 teams
2025-07-06 22:03:09,908 - engineio.server - INFO - nZJUAjQQTsOOuJl-AAAC: Sending packet MESSAGE data 0{"sid":"2yMF3KwbU0K9wGv-AAAD"}
2025-07-06 22:03:34,857 - engineio.server - INFO - nZJUAjQQTsOOuJl-AAAC: Sending packet PING data None
2025-07-06 22:03:34,861 - engineio.server - INFO - nZJUAjQQTsOOuJl-AAAC: Received packet PONG data 
2025-07-06 22:03:53,398 - werkzeug - INFO - 192.168.0.167 - - [06/Jul/2025 22:03:53] "GET /team-management HTTP/1.1" 200 -
2025-07-06 22:03:53,409 - engineio.server - INFO - nZJUAjQQTsOOuJl-AAAC: Unexpected error "", closing connection
2025-07-06 22:03:53,410 - EEGame.app.server.socketio.session_endpoints - INFO - Client disconnected
2025-07-06 22:03:53,410 - werkzeug - INFO - 192.168.0.167 - - [06/Jul/2025 22:03:53] "[35m[1mGET /socket.io/?EIO=4&transport=websocket HTTP/1.1[0m" 500 -
2025-07-06 22:03:53,411 - werkzeug - ERROR - Error on request:
Traceback (most recent call last):
  File "/usr/lib/python3/dist-packages/werkzeug/serving.py", line 335, in run_wsgi
    execute(self.server.app)
  File "/usr/lib/python3/dist-packages/werkzeug/serving.py", line 327, in execute
    write(b"")
  File "/usr/lib/python3/dist-packages/werkzeug/serving.py", line 252, in write
    assert status_set is not None, "write() before start_response"
           ^^^^^^^^^^^^^^^^^^^^^^^^^^^^^^^^^^^^^^^^^^^^^^^^^^^^^^^
AssertionError: write() before start_response
2025-07-06 22:03:53,460 - werkzeug - INFO - 192.168.0.167 - - [06/Jul/2025 22:03:53] "[36mGET /static/my-logo.svg HTTP/1.1[0m" 304 -
2025-07-06 22:04:00,301 - werkzeug - INFO - 192.168.0.167 - - [06/Jul/2025 22:04:00] "GET /team-management HTTP/1.1" 200 -
2025-07-06 22:04:00,372 - werkzeug - INFO - 192.168.0.167 - - [06/Jul/2025 22:04:00] "[36mGET /static/my-logo.svg HTTP/1.1[0m" 304 -
2025-07-06 22:04:00,378 - engineio.server - INFO - vAu5D7V_QdApEHa1AAAE: Sending packet OPEN data {'sid': 'vAu5D7V_QdApEHa1AAAE', 'upgrades': [], 'pingTimeout': 20000, 'pingInterval': 25000}
2025-07-06 22:04:00,378 - engineio.server - INFO - vAu5D7V_QdApEHa1AAAE: Received request to upgrade to websocket
2025-07-06 22:04:00,379 - engineio.server - INFO - vAu5D7V_QdApEHa1AAAE: Upgrade to websocket successful
2025-07-06 22:04:00,436 - engineio.server - INFO - vAu5D7V_QdApEHa1AAAE: Received packet MESSAGE data 0
2025-07-06 22:04:00,437 - EEGame.app.server.socketio.session_endpoints - INFO - Client connected
2025-07-06 22:04:00,437 - socketio.server - INFO - emitting event "connection_status" to BReDza17irIOAnPmAAAF [/]
2025-07-06 22:04:00,438 - engineio.server - INFO - vAu5D7V_QdApEHa1AAAE: Sending packet MESSAGE data 2["connection_status",{"status":"connected","message":"Successfully connected to server"}]
2025-07-06 22:04:00,438 - socketio.server - INFO - emitting event "teams_list" to BReDza17irIOAnPmAAAF [/]
2025-07-06 22:04:00,438 - engineio.server - INFO - vAu5D7V_QdApEHa1AAAE: Sending packet MESSAGE data 2["teams_list",{"teams":[]}]
2025-07-06 22:04:00,438 - EEGame.app.server.socketio.socketio_emitter - DEBUG - Emitted teams_list event with 0 teams
2025-07-06 22:04:00,439 - engineio.server - INFO - vAu5D7V_QdApEHa1AAAE: Sending packet MESSAGE data 0{"sid":"BReDza17irIOAnPmAAAF"}
